<?xml version="1.0" encoding="UTF-8"?>
<!-- Generated by org.testng.reporters.JUnitXMLReporter -->
<testsuite hostname="TA-NhanNguyen" ignored="0" name="Default test" tests="1" failures="1" timestamp="12 Dec 2018 07:26:20 GMT" time="85.594" errors="0">
  <testcase name="fireFoxBrowser" time="85.572" classname="com.qa.androidWindows.FirefoxBrowser">
    <failure type="org.openqa.selenium.WebDriverException" message="An unknown server-side error occurred while processing the command. Original error: Error attempting to start URI. Original error: Error: Error executing adbExec. Original error: &amp;apos;Command &amp;apos;C\:\\android-sdk\\platform-tools\\adb.exe -P 5037 -s 192.168.131.101\:5555 shell am start -W -a android.intent.action.VIEW -d https\://the-internet.herokuapp.com/login com.android.chrome&amp;apos; timed out after 20000ms&amp;apos;; Stderr: &amp;apos;&amp;apos;; Code: &amp;apos;null&amp;apos;
Build info: version: &amp;apos;3.14.0&amp;apos;, revision: &amp;apos;aacccce0&amp;apos;, time: &amp;apos;2018-08-02T20:19:58.91Z&amp;apos;
System info: host: &amp;apos;TA-NHANNGUYEN&amp;apos;, ip: &amp;apos;192.168.131.2&amp;apos;, os.name: &amp;apos;Windows 10&amp;apos;, os.arch: &amp;apos;amd64&amp;apos;, os.version: &amp;apos;10.0&amp;apos;, java.version: &amp;apos;1.8.0_181&amp;apos;
Driver info: io.appium.java_client.android.AndroidDriver
Capabilities {appActivity: org.chromium.chrome.browser..., appPackage: com.android.chrome, automationName: Appium, databaseEnabled: false, desired: {appActivity: org.chromium.chrome.browser..., appPackage: com.android.chrome, automationName: Appium, deviceName: 192.168.131.101:5555, platformName: android, platformVersion: 8.0}, deviceManufacturer: Genymotion, deviceModel: Custom Phone - 8.0 - API 26..., deviceName: 192.168.131.101:5555, deviceScreenSize: 768x1280, deviceUDID: 192.168.131.101:5555, javascriptEnabled: true, locationContextEnabled: false, networkConnectionEnabled: true, platform: LINUX, platformName: Android, platformVersion: 8.0.0, takesScreenshot: true, warnings: {}, webStorageEnabled: false}
Session ID: 3572fe2c-48b9-4457-be63-192b389b5dc2">
      <![CDATA[org.openqa.selenium.WebDriverException: An unknown server-side error occurred while processing the command. Original error: Error attempting to start URI. Original error: Error: Error executing adbExec. Original error: 'Command 'C\:\\android-sdk\\platform-tools\\adb.exe -P 5037 -s 192.168.131.101\:5555 shell am start -W -a android.intent.action.VIEW -d https\://the-internet.herokuapp.com/login com.android.chrome' timed out after 20000ms'; Stderr: ''; Code: 'null'
Build info: version: '3.14.0', revision: 'aacccce0', time: '2018-08-02T20:19:58.91Z'
System info: host: 'TA-NHANNGUYEN', ip: '192.168.131.2', os.name: 'Windows 10', os.arch: 'amd64', os.version: '10.0', java.version: '1.8.0_181'
Driver info: io.appium.java_client.android.AndroidDriver
Capabilities {appActivity: org.chromium.chrome.browser..., appPackage: com.android.chrome, automationName: Appium, databaseEnabled: false, desired: {appActivity: org.chromium.chrome.browser..., appPackage: com.android.chrome, automationName: Appium, deviceName: 192.168.131.101:5555, platformName: android, platformVersion: 8.0}, deviceManufacturer: Genymotion, deviceModel: Custom Phone - 8.0 - API 26..., deviceName: 192.168.131.101:5555, deviceScreenSize: 768x1280, deviceUDID: 192.168.131.101:5555, javascriptEnabled: true, locationContextEnabled: false, networkConnectionEnabled: true, platform: LINUX, platformName: Android, platformVersion: 8.0.0, takesScreenshot: true, warnings: {}, webStorageEnabled: false}
Session ID: 3572fe2c-48b9-4457-be63-192b389b5dc2
at sun.reflect.NativeConstructorAccessorImpl.newInstance0(Native Method)
at sun.reflect.NativeConstructorAccessorImpl.newInstance(NativeConstructorAccessorImpl.java:62)
at sun.reflect.DelegatingConstructorAccessorImpl.newInstance(DelegatingConstructorAccessorImpl.java:45)
at java.lang.reflect.Constructor.newInstance(Constructor.java:423)
at org.openqa.selenium.remote.http.W3CHttpResponseCodec.createException(W3CHttpResponseCodec.java:187)
at org.openqa.selenium.remote.http.W3CHttpResponseCodec.decode(W3CHttpResponseCodec.java:122)
at org.openqa.selenium.remote.http.W3CHttpResponseCodec.decode(W3CHttpResponseCodec.java:49)
at org.openqa.selenium.remote.HttpCommandExecutor.execute(HttpCommandExecutor.java:158)
at io.appium.java_client.remote.AppiumCommandExecutor.execute(AppiumCommandExecutor.java:231)
at org.openqa.selenium.remote.RemoteWebDriver.execute(RemoteWebDriver.java:548)
at io.appium.java_client.DefaultGenericMobileDriver.execute(DefaultGenericMobileDriver.java:42)
at io.appium.java_client.AppiumDriver.execute(AppiumDriver.java:1)
at io.appium.java_client.android.AndroidDriver.execute(AndroidDriver.java:1)
at org.openqa.selenium.remote.RemoteWebDriver.get(RemoteWebDriver.java:276)
at com.qa.androidWindows.helperAndroidWindows.testLogin(helperAndroidWindows.java:90)
at com.qa.androidWindows.FirefoxBrowser.fireFoxBrowser(FirefoxBrowser.java:34)
at sun.reflect.NativeMethodAccessorImpl.invoke0(Native Method)
at sun.reflect.NativeMethodAccessorImpl.invoke(NativeMethodAccessorImpl.java:62)
at sun.reflect.DelegatingMethodAccessorImpl.invoke(DelegatingMethodAccessorImpl.java:43)
at java.lang.reflect.Method.invoke(Method.java:498)
at org.testng.internal.MethodInvocationHelper.invokeMethod(MethodInvocationHelper.java:124)
at org.testng.internal.Invoker.invokeMethod(Invoker.java:583)
at org.testng.internal.Invoker.invokeTestMethod(Invoker.java:719)
at org.testng.internal.Invoker.invokeTestMethods(Invoker.java:989)
at org.testng.internal.TestMethodWorker.invokeTestMethods(TestMethodWorker.java:125)
at org.testng.internal.TestMethodWorker.run(TestMethodWorker.java:109)
at org.testng.TestRunner.privateRun(TestRunner.java:648)
at org.testng.TestRunner.run(TestRunner.java:505)
at org.testng.SuiteRunner.runTest(SuiteRunner.java:455)
at org.testng.SuiteRunner.runSequentially(SuiteRunner.java:450)
at org.testng.SuiteRunner.privateRun(SuiteRunner.java:415)
at org.testng.SuiteRunner.run(SuiteRunner.java:364)
at org.testng.SuiteRunnerWorker.runSuite(SuiteRunnerWorker.java:52)
at org.testng.SuiteRunnerWorker.run(SuiteRunnerWorker.java:84)
at org.testng.TestNG.runSuitesSequentially(TestNG.java:1208)
at org.testng.TestNG.runSuitesLocally(TestNG.java:1137)
at org.testng.TestNG.runSuites(TestNG.java:1049)
at org.testng.TestNG.run(TestNG.java:1017)
at org.testng.remote.AbstractRemoteTestNG.run(AbstractRemoteTestNG.java:114)
at org.testng.remote.RemoteTestNG.initAndRun(RemoteTestNG.java:251)
at org.testng.remote.RemoteTestNG.main(RemoteTestNG.java:77)
]]>
    </failure>
  </testcase> <!-- fireFoxBrowser -->
</testsuite> <!-- Default test -->
